model_name                   demo_model
savedir                         nvp_NN/
seed                                  0
n_epochs                             80
log_interval                         10
convergence_crit                     50
binary_stimulation                 True
simulation_type                 regular
input_channels                        1
reconstruction_channels               1
out_activation                  sigmoid
dataset                      characters
device                           cuda:0
batch_size                           16
optimizer                          adam
learning_rate                     0.001
reconstruction_loss                 mse
reconstruction_loss_param             0
sparsity_loss                        L1
kappa                               0.3

2022-08-25 09:14:14,753 INFO Epoch 1
2022-08-25 09:14:18,910 INFO [0,    10] tr_recon_loss : 0.155 | val_recon_loss : 0.163 | tr_total_loss : 0.195 | val_total_loss : 0.210 | tr_stimu_loss : 0.289 | val_stimu_loss : 0.318
2022-08-25 09:14:18,911 INFO Saving to nvp_NN/demo_model_best_encoder.pth...
2022-08-25 09:14:18,916 INFO Saving to nvp_NN/demo_model_best_decoder.pth...
2022-08-25 09:14:22,936 INFO [0,    20] tr_recon_loss : 0.089 | val_recon_loss : 0.083 | tr_total_loss : 0.113 | val_total_loss : 0.070 | tr_stimu_loss : 0.169 | val_stimu_loss : 0.041
2022-08-25 09:14:22,936 INFO Saving to nvp_NN/demo_model_best_encoder.pth...
2022-08-25 09:14:22,941 INFO Saving to nvp_NN/demo_model_best_decoder.pth...
2022-08-25 09:14:26,872 INFO [0,    30] tr_recon_loss : 0.056 | val_recon_loss : 0.090 | tr_total_loss : 0.096 | val_total_loss : 0.088 | tr_stimu_loss : 0.188 | val_stimu_loss : 0.084
2022-08-25 09:14:26,873 INFO not improved for     1 iterations
2022-08-25 09:14:27,915 INFO Epoch 2
2022-08-25 09:14:31,824 INFO [1,    10] tr_recon_loss : 0.047 | val_recon_loss : 0.086 | tr_total_loss : 0.105 | val_total_loss : 0.116 | tr_stimu_loss : 0.242 | val_stimu_loss : 0.186
2022-08-25 09:14:31,824 INFO not improved for     2 iterations
2022-08-25 09:14:35,993 INFO [1,    20] tr_recon_loss : 0.038 | val_recon_loss : 0.087 | tr_total_loss : 0.092 | val_total_loss : 0.124 | tr_stimu_loss : 0.220 | val_stimu_loss : 0.208
2022-08-25 09:14:35,993 INFO not improved for     3 iterations
2022-08-25 09:14:40,212 INFO [1,    30] tr_recon_loss : 0.036 | val_recon_loss : 0.072 | tr_total_loss : 0.084 | val_total_loss : 0.120 | tr_stimu_loss : 0.194 | val_stimu_loss : 0.233
2022-08-25 09:14:40,212 INFO not improved for     4 iterations
2022-08-25 09:14:41,278 INFO Epoch 3
2022-08-25 09:14:45,424 INFO [2,    10] tr_recon_loss : 0.037 | val_recon_loss : 0.083 | tr_total_loss : 0.078 | val_total_loss : 0.105 | tr_stimu_loss : 0.174 | val_stimu_loss : 0.156
2022-08-25 09:14:45,424 INFO not improved for     5 iterations
2022-08-25 09:14:49,578 INFO [2,    20] tr_recon_loss : 0.069 | val_recon_loss : 0.091 | tr_total_loss : 0.105 | val_total_loss : 0.164 | tr_stimu_loss : 0.189 | val_stimu_loss : 0.335
2022-08-25 09:14:49,578 INFO not improved for     6 iterations
2022-08-25 09:14:53,573 INFO [2,    30] tr_recon_loss : 0.068 | val_recon_loss : 0.089 | tr_total_loss : 0.133 | val_total_loss : 0.159 | tr_stimu_loss : 0.283 | val_stimu_loss : 0.321
2022-08-25 09:14:53,574 INFO not improved for     7 iterations
2022-08-25 09:14:54,614 INFO Epoch 4
2022-08-25 09:14:58,581 INFO [3,    10] tr_recon_loss : 0.067 | val_recon_loss : 0.089 | tr_total_loss : 0.144 | val_total_loss : 0.156 | tr_stimu_loss : 0.323 | val_stimu_loss : 0.314
2022-08-25 09:14:58,581 INFO not improved for     8 iterations
2022-08-25 09:15:02,780 INFO [3,    20] tr_recon_loss : 0.058 | val_recon_loss : 0.090 | tr_total_loss : 0.154 | val_total_loss : 0.167 | tr_stimu_loss : 0.376 | val_stimu_loss : 0.346
2022-08-25 09:15:02,780 INFO not improved for     9 iterations
2022-08-25 09:15:06,819 INFO [3,    30] tr_recon_loss : 0.055 | val_recon_loss : 0.074 | tr_total_loss : 0.146 | val_total_loss : 0.158 | tr_stimu_loss : 0.360 | val_stimu_loss : 0.352
2022-08-25 09:15:06,820 INFO not improved for    10 iterations
2022-08-25 09:15:07,831 INFO Epoch 5
2022-08-25 09:15:11,885 INFO [4,    10] tr_recon_loss : 0.055 | val_recon_loss : 0.056 | tr_total_loss : 0.143 | val_total_loss : 0.140 | tr_stimu_loss : 0.346 | val_stimu_loss : 0.337
2022-08-25 09:15:11,886 INFO not improved for    11 iterations
2022-08-25 09:15:16,003 INFO [4,    20] tr_recon_loss : 0.044 | val_recon_loss : 0.074 | tr_total_loss : 0.143 | val_total_loss : 0.159 | tr_stimu_loss : 0.374 | val_stimu_loss : 0.358
2022-08-25 09:15:16,003 INFO not improved for    12 iterations
2022-08-25 09:15:19,958 INFO [4,    30] tr_recon_loss : 0.035 | val_recon_loss : 0.180 | tr_total_loss : 0.142 | val_total_loss : 0.242 | tr_stimu_loss : 0.393 | val_stimu_loss : 0.385
2022-08-25 09:15:19,958 INFO not improved for    13 iterations
2022-08-25 09:15:21,022 INFO Epoch 6
2022-08-25 09:15:25,203 INFO [5,    10] tr_recon_loss : 0.035 | val_recon_loss : 0.057 | tr_total_loss : 0.145 | val_total_loss : 0.160 | tr_stimu_loss : 0.401 | val_stimu_loss : 0.399
2022-08-25 09:15:25,203 INFO not improved for    14 iterations
2022-08-25 09:15:32,043 INFO Epoch 1
2022-08-25 09:15:34,296 INFO [0,    10] tr_recon_loss : 0.162 | val_recon_loss : 0.169 | tr_total_loss : 0.197 | val_total_loss : 0.210 | tr_stimu_loss : 0.278 | val_stimu_loss : 0.303
2022-08-25 09:15:34,296 INFO Saving to nvp_NN/demo_model_best_encoder.pth...
2022-08-25 09:15:34,301 INFO Saving to nvp_NN/demo_model_best_decoder.pth...
2022-08-25 09:15:36,436 INFO [0,    20] tr_recon_loss : 0.057 | val_recon_loss : 0.086 | tr_total_loss : 0.097 | val_total_loss : 0.104 | tr_stimu_loss : 0.192 | val_stimu_loss : 0.148
2022-08-25 09:15:36,436 INFO Saving to nvp_NN/demo_model_best_encoder.pth...
2022-08-25 09:15:36,440 INFO Saving to nvp_NN/demo_model_best_decoder.pth...
2022-08-25 09:15:38,648 INFO [0,    30] tr_recon_loss : 0.046 | val_recon_loss : 0.089 | tr_total_loss : 0.074 | val_total_loss : 0.092 | tr_stimu_loss : 0.139 | val_stimu_loss : 0.100
2022-08-25 09:15:38,648 INFO Saving to nvp_NN/demo_model_best_encoder.pth...
2022-08-25 09:15:38,652 INFO Saving to nvp_NN/demo_model_best_decoder.pth...
2022-08-25 09:15:40,705 INFO [0,    40] tr_recon_loss : 0.033 | val_recon_loss : 0.068 | tr_total_loss : 0.056 | val_total_loss : 0.082 | tr_stimu_loss : 0.110 | val_stimu_loss : 0.115
2022-08-25 09:15:40,706 INFO Saving to nvp_NN/demo_model_best_encoder.pth...
2022-08-25 09:15:40,710 INFO Saving to nvp_NN/demo_model_best_decoder.pth...
2022-08-25 09:15:42,801 INFO [0,    50] tr_recon_loss : 0.033 | val_recon_loss : 0.073 | tr_total_loss : 0.050 | val_total_loss : 0.082 | tr_stimu_loss : 0.089 | val_stimu_loss : 0.102
2022-08-25 09:15:42,801 INFO Saving to nvp_NN/demo_model_best_encoder.pth...
2022-08-25 09:15:42,805 INFO Saving to nvp_NN/demo_model_best_decoder.pth...
2022-08-25 09:15:44,951 INFO [0,    60] tr_recon_loss : 0.046 | val_recon_loss : 0.072 | tr_total_loss : 0.058 | val_total_loss : 0.080 | tr_stimu_loss : 0.086 | val_stimu_loss : 0.099
2022-08-25 09:15:44,951 INFO Saving to nvp_NN/demo_model_best_encoder.pth...
2022-08-25 09:15:44,955 INFO Saving to nvp_NN/demo_model_best_decoder.pth...
2022-08-25 09:15:45,338 INFO Epoch 2
2022-08-25 09:15:47,547 INFO [1,    10] tr_recon_loss : 0.033 | val_recon_loss : 0.043 | tr_total_loss : 0.043 | val_total_loss : 0.047 | tr_stimu_loss : 0.067 | val_stimu_loss : 0.055
2022-08-25 09:15:47,547 INFO Saving to nvp_NN/demo_model_best_encoder.pth...
2022-08-25 09:15:47,551 INFO Saving to nvp_NN/demo_model_best_decoder.pth...
2022-08-25 09:15:49,688 INFO [1,    20] tr_recon_loss : 0.028 | val_recon_loss : 0.039 | tr_total_loss : 0.036 | val_total_loss : 0.045 | tr_stimu_loss : 0.054 | val_stimu_loss : 0.059
2022-08-25 09:15:49,688 INFO Saving to nvp_NN/demo_model_best_encoder.pth...
2022-08-25 09:15:49,692 INFO Saving to nvp_NN/demo_model_best_decoder.pth...
2022-08-25 09:15:51,867 INFO [1,    30] tr_recon_loss : 0.037 | val_recon_loss : 0.037 | tr_total_loss : 0.040 | val_total_loss : 0.043 | tr_stimu_loss : 0.047 | val_stimu_loss : 0.059
2022-08-25 09:15:51,867 INFO Saving to nvp_NN/demo_model_best_encoder.pth...
2022-08-25 09:15:51,872 INFO Saving to nvp_NN/demo_model_best_decoder.pth...
2022-08-25 09:15:54,047 INFO [1,    40] tr_recon_loss : 0.031 | val_recon_loss : 0.045 | tr_total_loss : 0.035 | val_total_loss : 0.048 | tr_stimu_loss : 0.043 | val_stimu_loss : 0.054
2022-08-25 09:15:54,047 INFO not improved for     1 iterations
2022-08-25 09:15:56,273 INFO [1,    50] tr_recon_loss : 0.036 | val_recon_loss : 0.038 | tr_total_loss : 0.038 | val_total_loss : 0.043 | tr_stimu_loss : 0.042 | val_stimu_loss : 0.055
2022-08-25 09:15:56,273 INFO Saving to nvp_NN/demo_model_best_encoder.pth...
2022-08-25 09:15:56,277 INFO Saving to nvp_NN/demo_model_best_decoder.pth...
2022-08-25 09:15:58,591 INFO [1,    60] tr_recon_loss : 0.026 | val_recon_loss : 0.039 | tr_total_loss : 0.034 | val_total_loss : 0.040 | tr_stimu_loss : 0.050 | val_stimu_loss : 0.042
2022-08-25 09:15:58,592 INFO Saving to nvp_NN/demo_model_best_encoder.pth...
2022-08-25 09:15:58,596 INFO Saving to nvp_NN/demo_model_best_decoder.pth...
2022-08-25 09:15:58,945 INFO Epoch 3
2022-08-25 09:16:01,169 INFO [2,    10] tr_recon_loss : 0.076 | val_recon_loss : 0.116 | tr_total_loss : 0.070 | val_total_loss : 0.094 | tr_stimu_loss : 0.057 | val_stimu_loss : 0.043
2022-08-25 09:16:01,169 INFO not improved for     1 iterations
2022-08-25 09:16:03,495 INFO [2,    20] tr_recon_loss : 0.090 | val_recon_loss : 0.088 | tr_total_loss : 0.115 | val_total_loss : 0.067 | tr_stimu_loss : 0.171 | val_stimu_loss : 0.016
2022-08-25 09:16:03,495 INFO not improved for     2 iterations
2022-08-25 09:16:05,649 INFO [2,    30] tr_recon_loss : 0.073 | val_recon_loss : 0.093 | tr_total_loss : 0.107 | val_total_loss : 0.093 | tr_stimu_loss : 0.185 | val_stimu_loss : 0.095
2022-08-25 09:16:05,650 INFO not improved for     3 iterations
2022-08-25 09:16:07,692 INFO [2,    40] tr_recon_loss : 0.068 | val_recon_loss : 0.155 | tr_total_loss : 0.098 | val_total_loss : 0.149 | tr_stimu_loss : 0.169 | val_stimu_loss : 0.134
2022-08-25 09:16:07,692 INFO not improved for     4 iterations
2022-08-25 09:16:09,837 INFO [2,    50] tr_recon_loss : 0.073 | val_recon_loss : 0.198 | tr_total_loss : 0.119 | val_total_loss : 0.222 | tr_stimu_loss : 0.228 | val_stimu_loss : 0.280
2022-08-25 09:16:09,838 INFO not improved for     5 iterations
2022-08-25 09:16:11,878 INFO [2,    60] tr_recon_loss : 0.069 | val_recon_loss : 0.115 | tr_total_loss : 0.164 | val_total_loss : 0.171 | tr_stimu_loss : 0.387 | val_stimu_loss : 0.302
2022-08-25 09:16:11,878 INFO not improved for     6 iterations
2022-08-25 09:16:12,219 INFO Epoch 4
2022-08-25 09:16:14,390 INFO [3,    10] tr_recon_loss : 0.054 | val_recon_loss : 0.070 | tr_total_loss : 0.159 | val_total_loss : 0.167 | tr_stimu_loss : 0.404 | val_stimu_loss : 0.393
2022-08-25 09:16:14,391 INFO not improved for     7 iterations
2022-08-25 09:16:16,658 INFO [3,    20] tr_recon_loss : 0.047 | val_recon_loss : 0.072 | tr_total_loss : 0.155 | val_total_loss : 0.169 | tr_stimu_loss : 0.408 | val_stimu_loss : 0.394
2022-08-25 09:16:16,658 INFO not improved for     8 iterations
2022-08-25 09:16:18,894 INFO [3,    30] tr_recon_loss : 0.046 | val_recon_loss : 0.065 | tr_total_loss : 0.155 | val_total_loss : 0.164 | tr_stimu_loss : 0.410 | val_stimu_loss : 0.395
2022-08-25 09:16:18,894 INFO not improved for     9 iterations
2022-08-25 09:16:21,108 INFO [3,    40] tr_recon_loss : 0.047 | val_recon_loss : 0.063 | tr_total_loss : 0.155 | val_total_loss : 0.164 | tr_stimu_loss : 0.407 | val_stimu_loss : 0.399
2022-08-25 09:16:21,109 INFO not improved for    10 iterations
2022-08-25 09:16:23,173 INFO [3,    50] tr_recon_loss : 0.046 | val_recon_loss : 0.094 | tr_total_loss : 0.154 | val_total_loss : 0.185 | tr_stimu_loss : 0.408 | val_stimu_loss : 0.397
2022-08-25 09:16:23,173 INFO not improved for    11 iterations
2022-08-25 09:16:25,308 INFO [3,    60] tr_recon_loss : 0.045 | val_recon_loss : 0.094 | tr_total_loss : 0.154 | val_total_loss : 0.184 | tr_stimu_loss : 0.410 | val_stimu_loss : 0.395
2022-08-25 09:16:25,309 INFO not improved for    12 iterations
2022-08-25 09:16:25,688 INFO Epoch 5
2022-08-25 09:16:27,974 INFO [4,    10] tr_recon_loss : 0.044 | val_recon_loss : 0.054 | tr_total_loss : 0.153 | val_total_loss : 0.156 | tr_stimu_loss : 0.409 | val_stimu_loss : 0.396
2022-08-25 09:16:27,974 INFO not improved for    13 iterations
2022-08-25 09:16:30,168 INFO [4,    20] tr_recon_loss : 0.043 | val_recon_loss : 0.089 | tr_total_loss : 0.153 | val_total_loss : 0.182 | tr_stimu_loss : 0.408 | val_stimu_loss : 0.397
2022-08-25 09:16:30,168 INFO not improved for    14 iterations
2022-08-25 09:16:32,265 INFO [4,    30] tr_recon_loss : 0.043 | val_recon_loss : 0.094 | tr_total_loss : 0.152 | val_total_loss : 0.187 | tr_stimu_loss : 0.407 | val_stimu_loss : 0.405
2022-08-25 09:16:32,265 INFO not improved for    15 iterations
2022-08-25 09:16:34,356 INFO [4,    40] tr_recon_loss : 0.043 | val_recon_loss : 0.069 | tr_total_loss : 0.153 | val_total_loss : 0.168 | tr_stimu_loss : 0.409 | val_stimu_loss : 0.398
2022-08-25 09:16:34,356 INFO not improved for    16 iterations
2022-08-25 09:16:36,340 INFO [4,    50] tr_recon_loss : 0.040 | val_recon_loss : 0.050 | tr_total_loss : 0.150 | val_total_loss : 0.156 | tr_stimu_loss : 0.409 | val_stimu_loss : 0.403
2022-08-25 09:16:36,340 INFO not improved for    17 iterations
2022-08-25 09:16:38,438 INFO [4,    60] tr_recon_loss : 0.041 | val_recon_loss : 0.094 | tr_total_loss : 0.151 | val_total_loss : 0.187 | tr_stimu_loss : 0.407 | val_stimu_loss : 0.404
2022-08-25 09:16:38,438 INFO not improved for    18 iterations
2022-08-25 09:16:38,758 INFO Epoch 6
2022-08-25 09:16:40,931 INFO [5,    10] tr_recon_loss : 0.041 | val_recon_loss : 0.094 | tr_total_loss : 0.151 | val_total_loss : 0.186 | tr_stimu_loss : 0.410 | val_stimu_loss : 0.400
2022-08-25 09:16:40,932 INFO not improved for    19 iterations
2022-08-25 09:16:43,051 INFO [5,    20] tr_recon_loss : 0.040 | val_recon_loss : 0.094 | tr_total_loss : 0.150 | val_total_loss : 0.186 | tr_stimu_loss : 0.408 | val_stimu_loss : 0.400
2022-08-25 09:16:43,051 INFO not improved for    20 iterations
2022-08-25 09:16:45,120 INFO [5,    30] tr_recon_loss : 0.040 | val_recon_loss : 0.094 | tr_total_loss : 0.151 | val_total_loss : 0.186 | tr_stimu_loss : 0.408 | val_stimu_loss : 0.400
2022-08-25 09:16:45,120 INFO not improved for    21 iterations
2022-08-25 09:16:47,308 INFO [5,    40] tr_recon_loss : 0.049 | val_recon_loss : 0.320 | tr_total_loss : 0.157 | val_total_loss : 0.343 | tr_stimu_loss : 0.408 | val_stimu_loss : 0.396
2022-08-25 09:16:47,308 INFO not improved for    22 iterations
2022-08-25 09:16:49,470 INFO [5,    50] tr_recon_loss : 0.045 | val_recon_loss : 0.896 | tr_total_loss : 0.153 | val_total_loss : 0.747 | tr_stimu_loss : 0.407 | val_stimu_loss : 0.400
2022-08-25 09:16:49,470 INFO not improved for    23 iterations
2022-08-25 09:16:51,484 INFO [5,    60] tr_recon_loss : 0.045 | val_recon_loss : 0.337 | tr_total_loss : 0.154 | val_total_loss : 0.357 | tr_stimu_loss : 0.408 | val_stimu_loss : 0.404
2022-08-25 09:16:51,485 INFO not improved for    24 iterations
2022-08-25 09:16:51,823 INFO Epoch 7
2022-08-25 09:16:53,850 INFO [6,    10] tr_recon_loss : 0.043 | val_recon_loss : 0.090 | tr_total_loss : 0.152 | val_total_loss : 0.181 | tr_stimu_loss : 0.409 | val_stimu_loss : 0.395
2022-08-25 09:16:53,850 INFO not improved for    25 iterations
2022-08-25 09:16:56,008 INFO [6,    20] tr_recon_loss : 0.043 | val_recon_loss : 0.066 | tr_total_loss : 0.152 | val_total_loss : 0.167 | tr_stimu_loss : 0.406 | val_stimu_loss : 0.402
2022-08-25 09:16:56,008 INFO not improved for    26 iterations
2022-08-25 09:16:58,109 INFO [6,    30] tr_recon_loss : 0.042 | val_recon_loss : 0.112 | tr_total_loss : 0.152 | val_total_loss : 0.196 | tr_stimu_loss : 0.407 | val_stimu_loss : 0.393
2022-08-25 09:16:58,109 INFO not improved for    27 iterations
2022-08-25 09:17:00,152 INFO [6,    40] tr_recon_loss : 0.042 | val_recon_loss : 0.048 | tr_total_loss : 0.151 | val_total_loss : 0.153 | tr_stimu_loss : 0.406 | val_stimu_loss : 0.397
2022-08-25 09:17:00,152 INFO not improved for    28 iterations
2022-08-25 09:17:02,321 INFO [6,    50] tr_recon_loss : 0.041 | val_recon_loss : 0.068 | tr_total_loss : 0.151 | val_total_loss : 0.167 | tr_stimu_loss : 0.408 | val_stimu_loss : 0.395
2022-08-25 09:17:02,321 INFO not improved for    29 iterations
2022-08-25 09:17:04,548 INFO [6,    60] tr_recon_loss : 0.039 | val_recon_loss : 0.081 | tr_total_loss : 0.150 | val_total_loss : 0.177 | tr_stimu_loss : 0.409 | val_stimu_loss : 0.399
2022-08-25 09:17:04,549 INFO not improved for    30 iterations
2022-08-25 09:17:04,883 INFO Epoch 8
2022-08-25 09:17:07,061 INFO [7,    10] tr_recon_loss : 0.040 | val_recon_loss : 0.095 | tr_total_loss : 0.150 | val_total_loss : 0.186 | tr_stimu_loss : 0.408 | val_stimu_loss : 0.398
2022-08-25 09:17:07,061 INFO not improved for    31 iterations
2022-08-25 09:17:09,205 INFO [7,    20] tr_recon_loss : 0.040 | val_recon_loss : 0.083 | tr_total_loss : 0.150 | val_total_loss : 0.177 | tr_stimu_loss : 0.406 | val_stimu_loss : 0.394
2022-08-25 09:17:09,205 INFO not improved for    32 iterations
2022-08-25 09:17:11,398 INFO [7,    30] tr_recon_loss : 0.041 | val_recon_loss : 0.090 | tr_total_loss : 0.151 | val_total_loss : 0.182 | tr_stimu_loss : 0.408 | val_stimu_loss : 0.399
2022-08-25 09:17:11,398 INFO not improved for    33 iterations
2022-08-25 09:17:13,560 INFO [7,    40] tr_recon_loss : 0.040 | val_recon_loss : 0.052 | tr_total_loss : 0.150 | val_total_loss : 0.155 | tr_stimu_loss : 0.408 | val_stimu_loss : 0.395
2022-08-25 09:17:13,560 INFO not improved for    34 iterations
2022-08-25 09:17:15,635 INFO [7,    50] tr_recon_loss : 0.040 | val_recon_loss : 0.093 | tr_total_loss : 0.150 | val_total_loss : 0.185 | tr_stimu_loss : 0.407 | val_stimu_loss : 0.399
2022-08-25 09:17:15,635 INFO not improved for    35 iterations
2022-08-25 09:17:17,701 INFO [7,    60] tr_recon_loss : 0.039 | val_recon_loss : 0.094 | tr_total_loss : 0.150 | val_total_loss : 0.186 | tr_stimu_loss : 0.408 | val_stimu_loss : 0.399
2022-08-25 09:17:17,701 INFO not improved for    36 iterations
2022-08-25 09:17:18,000 INFO Epoch 9
2022-08-25 09:17:20,141 INFO [8,    10] tr_recon_loss : 0.038 | val_recon_loss : 0.092 | tr_total_loss : 0.149 | val_total_loss : 0.183 | tr_stimu_loss : 0.408 | val_stimu_loss : 0.396
2022-08-25 09:17:20,141 INFO not improved for    37 iterations
2022-08-25 09:17:22,276 INFO [8,    20] tr_recon_loss : 0.037 | val_recon_loss : 0.094 | tr_total_loss : 0.148 | val_total_loss : 0.185 | tr_stimu_loss : 0.407 | val_stimu_loss : 0.398
2022-08-25 09:17:22,276 INFO not improved for    38 iterations
2022-08-25 09:17:24,355 INFO [8,    30] tr_recon_loss : 0.039 | val_recon_loss : 0.078 | tr_total_loss : 0.150 | val_total_loss : 0.175 | tr_stimu_loss : 0.410 | val_stimu_loss : 0.399
2022-08-25 09:17:24,356 INFO not improved for    39 iterations
2022-08-25 09:17:26,434 INFO [8,    40] tr_recon_loss : 0.038 | val_recon_loss : 0.094 | tr_total_loss : 0.150 | val_total_loss : 0.185 | tr_stimu_loss : 0.410 | val_stimu_loss : 0.396
2022-08-25 09:17:26,434 INFO not improved for    40 iterations
2022-08-25 09:17:28,576 INFO [8,    50] tr_recon_loss : 0.039 | val_recon_loss : 0.064 | tr_total_loss : 0.150 | val_total_loss : 0.164 | tr_stimu_loss : 0.407 | val_stimu_loss : 0.398
2022-08-25 09:17:28,576 INFO not improved for    41 iterations
2022-08-25 09:17:30,747 INFO [8,    60] tr_recon_loss : 0.038 | val_recon_loss : 0.094 | tr_total_loss : 0.149 | val_total_loss : 0.186 | tr_stimu_loss : 0.407 | val_stimu_loss : 0.401
2022-08-25 09:17:30,748 INFO not improved for    42 iterations
2022-08-25 09:17:31,084 INFO Epoch 10
2022-08-25 09:17:33,396 INFO [9,    10] tr_recon_loss : 0.036 | val_recon_loss : 0.094 | tr_total_loss : 0.148 | val_total_loss : 0.185 | tr_stimu_loss : 0.409 | val_stimu_loss : 0.398
2022-08-25 09:17:33,396 INFO not improved for    43 iterations
2022-08-25 09:17:35,602 INFO [9,    20] tr_recon_loss : 0.036 | val_recon_loss : 0.093 | tr_total_loss : 0.148 | val_total_loss : 0.185 | tr_stimu_loss : 0.410 | val_stimu_loss : 0.401
2022-08-25 09:17:35,603 INFO not improved for    44 iterations
2022-08-25 09:17:37,864 INFO [9,    30] tr_recon_loss : 0.034 | val_recon_loss : 0.093 | tr_total_loss : 0.147 | val_total_loss : 0.186 | tr_stimu_loss : 0.410 | val_stimu_loss : 0.402
2022-08-25 09:17:37,864 INFO not improved for    45 iterations
2022-08-25 09:17:40,033 INFO [9,    40] tr_recon_loss : 0.035 | val_recon_loss : 0.040 | tr_total_loss : 0.148 | val_total_loss : 0.148 | tr_stimu_loss : 0.411 | val_stimu_loss : 0.400
2022-08-25 09:17:40,033 INFO not improved for    46 iterations
2022-08-25 09:17:42,110 INFO [9,    50] tr_recon_loss : 0.034 | val_recon_loss : 0.068 | tr_total_loss : 0.147 | val_total_loss : 0.168 | tr_stimu_loss : 0.411 | val_stimu_loss : 0.402
2022-08-25 09:17:42,111 INFO not improved for    47 iterations
2022-08-25 09:17:44,304 INFO [9,    60] tr_recon_loss : 0.034 | val_recon_loss : 0.094 | tr_total_loss : 0.147 | val_total_loss : 0.186 | tr_stimu_loss : 0.412 | val_stimu_loss : 0.402
2022-08-25 09:17:44,304 INFO not improved for    48 iterations
2022-08-25 09:17:44,630 INFO Epoch 11
2022-08-25 09:17:46,735 INFO [10,    10] tr_recon_loss : 0.034 | val_recon_loss : 0.094 | tr_total_loss : 0.147 | val_total_loss : 0.187 | tr_stimu_loss : 0.410 | val_stimu_loss : 0.403
2022-08-25 09:17:46,735 INFO not improved for    49 iterations
2022-08-25 09:17:48,841 INFO [10,    20] tr_recon_loss : 0.035 | val_recon_loss : 0.094 | tr_total_loss : 0.147 | val_total_loss : 0.187 | tr_stimu_loss : 0.410 | val_stimu_loss : 0.404
2022-08-25 09:17:48,841 INFO not improved for    50 iterations
2022-08-25 09:17:51,022 INFO [10,    30] tr_recon_loss : 0.034 | val_recon_loss : 0.094 | tr_total_loss : 0.147 | val_total_loss : 0.187 | tr_stimu_loss : 0.410 | val_stimu_loss : 0.404
2022-08-25 09:17:51,022 INFO not improved for    51 iterations
2022-08-25 09:17:51,023 INFO Finished Training
2022-08-25 09:18:14,882 INFO Epoch 1
2022-08-25 09:18:17,146 INFO [0,    10] tr_recon_loss : 0.150 | val_recon_loss : 0.143 | tr_total_loss : 0.190 | val_total_loss : 0.189 | tr_stimu_loss : 0.283 | val_stimu_loss : 0.296
2022-08-25 09:18:17,147 INFO Saving to nvp_NN/demo_model_best_encoder.pth...
2022-08-25 09:18:17,152 INFO Saving to nvp_NN/demo_model_best_decoder.pth...
2022-08-25 09:18:19,285 INFO [0,    20] tr_recon_loss : 0.101 | val_recon_loss : 0.087 | tr_total_loss : 0.116 | val_total_loss : 0.082 | tr_stimu_loss : 0.150 | val_stimu_loss : 0.071
2022-08-25 09:18:19,285 INFO Saving to nvp_NN/demo_model_best_encoder.pth...
2022-08-25 09:18:19,289 INFO Saving to nvp_NN/demo_model_best_decoder.pth...
2022-08-25 09:18:21,491 INFO [0,    30] tr_recon_loss : 0.143 | val_recon_loss : 0.135 | tr_total_loss : 0.143 | val_total_loss : 0.132 | tr_stimu_loss : 0.142 | val_stimu_loss : 0.124
2022-08-25 09:18:21,491 INFO not improved for     1 iterations
2022-08-25 09:18:23,530 INFO [0,    40] tr_recon_loss : 0.110 | val_recon_loss : 0.147 | tr_total_loss : 0.159 | val_total_loss : 0.207 | tr_stimu_loss : 0.275 | val_stimu_loss : 0.348
2022-08-25 09:18:23,531 INFO not improved for     2 iterations
2022-08-25 09:18:25,633 INFO [0,    50] tr_recon_loss : 0.084 | val_recon_loss : 0.082 | tr_total_loss : 0.144 | val_total_loss : 0.124 | tr_stimu_loss : 0.283 | val_stimu_loss : 0.221
2022-08-25 09:18:25,633 INFO not improved for     3 iterations
2022-08-25 09:18:27,705 INFO [0,    60] tr_recon_loss : 0.072 | val_recon_loss : 0.099 | tr_total_loss : 0.110 | val_total_loss : 0.160 | tr_stimu_loss : 0.198 | val_stimu_loss : 0.302
2022-08-25 09:18:27,705 INFO not improved for     4 iterations
2022-08-25 09:18:28,075 INFO Epoch 2
2022-08-25 09:18:30,188 INFO [1,    10] tr_recon_loss : 0.068 | val_recon_loss : 0.131 | tr_total_loss : 0.107 | val_total_loss : 0.170 | tr_stimu_loss : 0.198 | val_stimu_loss : 0.260
2022-08-25 09:18:30,189 INFO not improved for     5 iterations
2022-08-25 09:18:32,249 INFO [1,    20] tr_recon_loss : 0.065 | val_recon_loss : 0.143 | tr_total_loss : 0.109 | val_total_loss : 0.176 | tr_stimu_loss : 0.213 | val_stimu_loss : 0.255
2022-08-25 09:18:32,249 INFO not improved for     6 iterations
2022-08-25 09:18:34,394 INFO [1,    30] tr_recon_loss : 0.067 | val_recon_loss : 0.151 | tr_total_loss : 0.119 | val_total_loss : 0.183 | tr_stimu_loss : 0.242 | val_stimu_loss : 0.256
2022-08-25 09:18:34,395 INFO not improved for     7 iterations
2022-08-25 09:18:36,801 INFO [1,    40] tr_recon_loss : 0.071 | val_recon_loss : 0.102 | tr_total_loss : 0.126 | val_total_loss : 0.149 | tr_stimu_loss : 0.253 | val_stimu_loss : 0.259
2022-08-25 09:18:36,801 INFO not improved for     8 iterations
2022-08-25 09:18:39,046 INFO [1,    50] tr_recon_loss : 0.074 | val_recon_loss : 0.132 | tr_total_loss : 0.129 | val_total_loss : 0.169 | tr_stimu_loss : 0.258 | val_stimu_loss : 0.254
2022-08-25 09:18:39,046 INFO not improved for     9 iterations
2022-08-25 09:18:41,382 INFO [1,    60] tr_recon_loss : 0.071 | val_recon_loss : 0.136 | tr_total_loss : 0.127 | val_total_loss : 0.172 | tr_stimu_loss : 0.258 | val_stimu_loss : 0.256
2022-08-25 09:18:41,383 INFO not improved for    10 iterations
2022-08-25 09:18:41,713 INFO Epoch 3
2022-08-25 09:18:43,882 INFO [2,    10] tr_recon_loss : 0.069 | val_recon_loss : 0.123 | tr_total_loss : 0.126 | val_total_loss : 0.161 | tr_stimu_loss : 0.258 | val_stimu_loss : 0.249
2022-08-25 09:18:43,882 INFO not improved for    11 iterations
2022-08-25 09:18:46,111 INFO [2,    20] tr_recon_loss : 0.070 | val_recon_loss : 0.115 | tr_total_loss : 0.127 | val_total_loss : 0.157 | tr_stimu_loss : 0.259 | val_stimu_loss : 0.254
2022-08-25 09:18:46,111 INFO not improved for    12 iterations
2022-08-25 09:18:48,287 INFO [2,    30] tr_recon_loss : 0.068 | val_recon_loss : 0.088 | tr_total_loss : 0.126 | val_total_loss : 0.139 | tr_stimu_loss : 0.261 | val_stimu_loss : 0.256
2022-08-25 09:18:48,288 INFO not improved for    13 iterations
2022-08-25 09:18:50,303 INFO [2,    40] tr_recon_loss : 0.067 | val_recon_loss : 0.086 | tr_total_loss : 0.125 | val_total_loss : 0.136 | tr_stimu_loss : 0.261 | val_stimu_loss : 0.253
2022-08-25 09:18:50,303 INFO not improved for    14 iterations
2022-08-25 09:18:52,475 INFO [2,    50] tr_recon_loss : 0.071 | val_recon_loss : 0.078 | tr_total_loss : 0.128 | val_total_loss : 0.133 | tr_stimu_loss : 0.260 | val_stimu_loss : 0.260
2022-08-25 09:18:52,475 INFO not improved for    15 iterations
2022-08-25 09:18:54,523 INFO [2,    60] tr_recon_loss : 0.066 | val_recon_loss : 0.080 | tr_total_loss : 0.126 | val_total_loss : 0.135 | tr_stimu_loss : 0.266 | val_stimu_loss : 0.265
2022-08-25 09:18:54,523 INFO not improved for    16 iterations
2022-08-25 09:18:54,861 INFO Epoch 4
2022-08-25 09:18:56,915 INFO [3,    10] tr_recon_loss : 0.065 | val_recon_loss : 0.122 | tr_total_loss : 0.126 | val_total_loss : 0.164 | tr_stimu_loss : 0.269 | val_stimu_loss : 0.263
2022-08-25 09:18:56,915 INFO not improved for    17 iterations
2022-08-25 09:18:59,109 INFO [3,    20] tr_recon_loss : 0.060 | val_recon_loss : 0.122 | tr_total_loss : 0.126 | val_total_loss : 0.164 | tr_stimu_loss : 0.277 | val_stimu_loss : 0.262
2022-08-25 09:18:59,109 INFO not improved for    18 iterations
2022-08-25 09:19:01,261 INFO [3,    30] tr_recon_loss : 0.059 | val_recon_loss : 0.151 | tr_total_loss : 0.126 | val_total_loss : 0.183 | tr_stimu_loss : 0.283 | val_stimu_loss : 0.258
2022-08-25 09:19:01,261 INFO not improved for    19 iterations
2022-08-25 09:19:03,385 INFO [3,    40] tr_recon_loss : 0.061 | val_recon_loss : 0.123 | tr_total_loss : 0.131 | val_total_loss : 0.168 | tr_stimu_loss : 0.292 | val_stimu_loss : 0.273
2022-08-25 09:19:03,385 INFO not improved for    20 iterations
2022-08-25 09:19:05,447 INFO [3,    50] tr_recon_loss : 0.063 | val_recon_loss : 0.138 | tr_total_loss : 0.136 | val_total_loss : 0.181 | tr_stimu_loss : 0.306 | val_stimu_loss : 0.281
2022-08-25 09:19:05,447 INFO not improved for    21 iterations
2022-08-25 09:19:07,591 INFO [3,    60] tr_recon_loss : 0.057 | val_recon_loss : 0.085 | tr_total_loss : 0.133 | val_total_loss : 0.148 | tr_stimu_loss : 0.311 | val_stimu_loss : 0.296
2022-08-25 09:19:07,592 INFO not improved for    22 iterations
2022-08-25 09:19:07,972 INFO Epoch 5
2022-08-25 09:19:10,266 INFO [4,    10] tr_recon_loss : 0.054 | val_recon_loss : 0.079 | tr_total_loss : 0.134 | val_total_loss : 0.145 | tr_stimu_loss : 0.321 | val_stimu_loss : 0.298
2022-08-25 09:19:10,267 INFO not improved for    23 iterations
2022-08-25 09:19:12,481 INFO [4,    20] tr_recon_loss : 0.048 | val_recon_loss : 0.100 | tr_total_loss : 0.131 | val_total_loss : 0.162 | tr_stimu_loss : 0.324 | val_stimu_loss : 0.306
2022-08-25 09:19:12,481 INFO not improved for    24 iterations
2022-08-25 09:19:14,555 INFO [4,    30] tr_recon_loss : 0.049 | val_recon_loss : 0.090 | tr_total_loss : 0.132 | val_total_loss : 0.157 | tr_stimu_loss : 0.325 | val_stimu_loss : 0.314
2022-08-25 09:19:14,555 INFO not improved for    25 iterations
2022-08-25 09:19:16,658 INFO [4,    40] tr_recon_loss : 0.048 | val_recon_loss : 0.093 | tr_total_loss : 0.132 | val_total_loss : 0.158 | tr_stimu_loss : 0.329 | val_stimu_loss : 0.311
2022-08-25 09:19:16,659 INFO not improved for    26 iterations
2022-08-25 09:19:18,664 INFO [4,    50] tr_recon_loss : 0.045 | val_recon_loss : 0.052 | tr_total_loss : 0.130 | val_total_loss : 0.131 | tr_stimu_loss : 0.329 | val_stimu_loss : 0.315
2022-08-25 09:19:18,664 INFO not improved for    27 iterations
2022-08-25 09:19:20,774 INFO [4,    60] tr_recon_loss : 0.046 | val_recon_loss : 0.093 | tr_total_loss : 0.131 | val_total_loss : 0.161 | tr_stimu_loss : 0.329 | val_stimu_loss : 0.317
2022-08-25 09:19:20,774 INFO not improved for    28 iterations
2022-08-25 09:19:21,099 INFO Epoch 6
2022-08-25 09:19:23,279 INFO [5,    10] tr_recon_loss : 0.044 | val_recon_loss : 0.047 | tr_total_loss : 0.130 | val_total_loss : 0.128 | tr_stimu_loss : 0.331 | val_stimu_loss : 0.318
2022-08-25 09:19:23,279 INFO not improved for    29 iterations
2022-08-25 09:19:25,433 INFO [5,    20] tr_recon_loss : 0.043 | val_recon_loss : 0.093 | tr_total_loss : 0.129 | val_total_loss : 0.160 | tr_stimu_loss : 0.331 | val_stimu_loss : 0.316
2022-08-25 09:19:25,433 INFO not improved for    30 iterations
2022-08-25 09:19:27,499 INFO [5,    30] tr_recon_loss : 0.044 | val_recon_loss : 0.094 | tr_total_loss : 0.130 | val_total_loss : 0.161 | tr_stimu_loss : 0.331 | val_stimu_loss : 0.317
2022-08-25 09:19:27,499 INFO not improved for    31 iterations
2022-08-25 09:19:29,701 INFO [5,    40] tr_recon_loss : 0.043 | val_recon_loss : 0.092 | tr_total_loss : 0.129 | val_total_loss : 0.158 | tr_stimu_loss : 0.330 | val_stimu_loss : 0.311
2022-08-25 09:19:29,702 INFO not improved for    32 iterations
2022-08-25 09:19:31,882 INFO [5,    50] tr_recon_loss : 0.043 | val_recon_loss : 0.052 | tr_total_loss : 0.129 | val_total_loss : 0.132 | tr_stimu_loss : 0.329 | val_stimu_loss : 0.318
2022-08-25 09:19:31,882 INFO not improved for    33 iterations
2022-08-25 09:19:39,190 INFO Epoch 1
2022-08-25 09:19:41,480 INFO [0,    10] tr_recon_loss : 0.141 | val_recon_loss : 0.137 | tr_total_loss : 0.249 | val_total_loss : 0.238 | tr_stimu_loss : 0.501 | val_stimu_loss : 0.475
2022-08-25 09:19:41,480 INFO Saving to nvp_NN/demo_model_best_encoder.pth...
2022-08-25 09:19:41,485 INFO Saving to nvp_NN/demo_model_best_decoder.pth...
2022-08-25 09:19:43,615 INFO [0,    20] tr_recon_loss : 0.054 | val_recon_loss : 0.086 | tr_total_loss : 0.122 | val_total_loss : 0.135 | tr_stimu_loss : 0.279 | val_stimu_loss : 0.249
2022-08-25 09:19:43,615 INFO Saving to nvp_NN/demo_model_best_encoder.pth...
2022-08-25 09:19:43,619 INFO Saving to nvp_NN/demo_model_best_decoder.pth...
2022-08-25 09:19:45,712 INFO [0,    30] tr_recon_loss : 0.037 | val_recon_loss : 0.085 | tr_total_loss : 0.070 | val_total_loss : 0.091 | tr_stimu_loss : 0.146 | val_stimu_loss : 0.104
2022-08-25 09:19:45,712 INFO Saving to nvp_NN/demo_model_best_encoder.pth...
2022-08-25 09:19:45,717 INFO Saving to nvp_NN/demo_model_best_decoder.pth...
2022-08-25 09:19:47,851 INFO [0,    40] tr_recon_loss : 0.034 | val_recon_loss : 0.082 | tr_total_loss : 0.050 | val_total_loss : 0.080 | tr_stimu_loss : 0.088 | val_stimu_loss : 0.076
2022-08-25 09:19:47,851 INFO Saving to nvp_NN/demo_model_best_encoder.pth...
2022-08-25 09:19:47,855 INFO Saving to nvp_NN/demo_model_best_decoder.pth...
2022-08-25 09:19:50,020 INFO [0,    50] tr_recon_loss : 0.051 | val_recon_loss : 0.054 | tr_total_loss : 0.066 | val_total_loss : 0.063 | tr_stimu_loss : 0.101 | val_stimu_loss : 0.084
2022-08-25 09:19:50,020 INFO Saving to nvp_NN/demo_model_best_encoder.pth...
2022-08-25 09:19:50,025 INFO Saving to nvp_NN/demo_model_best_decoder.pth...
2022-08-25 09:19:52,191 INFO [0,    60] tr_recon_loss : 0.036 | val_recon_loss : 0.045 | tr_total_loss : 0.047 | val_total_loss : 0.048 | tr_stimu_loss : 0.071 | val_stimu_loss : 0.054
2022-08-25 09:19:52,191 INFO Saving to nvp_NN/demo_model_best_encoder.pth...
2022-08-25 09:19:52,195 INFO Saving to nvp_NN/demo_model_best_decoder.pth...
2022-08-25 09:19:52,548 INFO Epoch 2
2022-08-25 09:19:54,948 INFO [1,    10] tr_recon_loss : 0.029 | val_recon_loss : 0.033 | tr_total_loss : 0.040 | val_total_loss : 0.044 | tr_stimu_loss : 0.067 | val_stimu_loss : 0.070
2022-08-25 09:19:54,949 INFO Saving to nvp_NN/demo_model_best_encoder.pth...
2022-08-25 09:19:54,953 INFO Saving to nvp_NN/demo_model_best_decoder.pth...
2022-08-25 09:19:57,240 INFO [1,    20] tr_recon_loss : 0.026 | val_recon_loss : 0.044 | tr_total_loss : 0.037 | val_total_loss : 0.042 | tr_stimu_loss : 0.064 | val_stimu_loss : 0.038
2022-08-25 09:19:57,241 INFO Saving to nvp_NN/demo_model_best_encoder.pth...
2022-08-25 09:19:57,245 INFO Saving to nvp_NN/demo_model_best_decoder.pth...
2022-08-25 09:19:59,592 INFO [1,    30] tr_recon_loss : 0.022 | val_recon_loss : 0.028 | tr_total_loss : 0.033 | val_total_loss : 0.034 | tr_stimu_loss : 0.058 | val_stimu_loss : 0.048
2022-08-25 09:19:59,593 INFO Saving to nvp_NN/demo_model_best_encoder.pth...
2022-08-25 09:19:59,597 INFO Saving to nvp_NN/demo_model_best_decoder.pth...
2022-08-25 09:20:01,687 INFO [1,    40] tr_recon_loss : 0.021 | val_recon_loss : 0.050 | tr_total_loss : 0.030 | val_total_loss : 0.049 | tr_stimu_loss : 0.050 | val_stimu_loss : 0.049
2022-08-25 09:20:01,687 INFO not improved for     1 iterations
2022-08-25 09:20:03,795 INFO [1,    50] tr_recon_loss : 0.047 | val_recon_loss : 0.047 | tr_total_loss : 0.061 | val_total_loss : 0.064 | tr_stimu_loss : 0.093 | val_stimu_loss : 0.104
2022-08-25 09:20:03,795 INFO not improved for     2 iterations
2022-08-25 09:20:05,868 INFO [1,    60] tr_recon_loss : 0.037 | val_recon_loss : 0.038 | tr_total_loss : 0.052 | val_total_loss : 0.054 | tr_stimu_loss : 0.086 | val_stimu_loss : 0.089
2022-08-25 09:20:05,868 INFO not improved for     3 iterations
2022-08-25 09:20:06,203 INFO Epoch 3
2022-08-25 09:20:08,462 INFO [2,    10] tr_recon_loss : 0.026 | val_recon_loss : 0.030 | tr_total_loss : 0.038 | val_total_loss : 0.044 | tr_stimu_loss : 0.065 | val_stimu_loss : 0.077
2022-08-25 09:20:08,462 INFO not improved for     4 iterations
2022-08-25 09:20:10,799 INFO [2,    20] tr_recon_loss : 0.025 | val_recon_loss : 0.027 | tr_total_loss : 0.041 | val_total_loss : 0.041 | tr_stimu_loss : 0.077 | val_stimu_loss : 0.075
2022-08-25 09:20:10,799 INFO not improved for     5 iterations
2022-08-25 09:20:13,049 INFO [2,    30] tr_recon_loss : 0.017 | val_recon_loss : 0.018 | tr_total_loss : 0.034 | val_total_loss : 0.037 | tr_stimu_loss : 0.072 | val_stimu_loss : 0.083
2022-08-25 09:20:13,049 INFO not improved for     6 iterations
2022-08-25 09:20:15,262 INFO [2,    40] tr_recon_loss : 0.028 | val_recon_loss : 0.057 | tr_total_loss : 0.037 | val_total_loss : 0.072 | tr_stimu_loss : 0.056 | val_stimu_loss : 0.105
2022-08-25 09:20:15,263 INFO not improved for     7 iterations
2022-08-25 09:20:17,494 INFO [2,    50] tr_recon_loss : 0.021 | val_recon_loss : 0.062 | tr_total_loss : 0.032 | val_total_loss : 0.066 | tr_stimu_loss : 0.059 | val_stimu_loss : 0.076
2022-08-25 09:20:17,494 INFO not improved for     8 iterations
2022-08-25 09:20:19,587 INFO [2,    60] tr_recon_loss : 0.022 | val_recon_loss : 0.065 | tr_total_loss : 0.028 | val_total_loss : 0.055 | tr_stimu_loss : 0.043 | val_stimu_loss : 0.032
2022-08-25 09:20:19,587 INFO not improved for     9 iterations
2022-08-25 09:20:19,933 INFO Epoch 4
2022-08-25 09:20:22,226 INFO [3,    10] tr_recon_loss : 0.024 | val_recon_loss : 0.030 | tr_total_loss : 0.033 | val_total_loss : 0.042 | tr_stimu_loss : 0.056 | val_stimu_loss : 0.070
2022-08-25 09:20:22,226 INFO not improved for    10 iterations
2022-08-25 09:20:24,461 INFO [3,    20] tr_recon_loss : 0.026 | val_recon_loss : 0.043 | tr_total_loss : 0.034 | val_total_loss : 0.055 | tr_stimu_loss : 0.053 | val_stimu_loss : 0.084
2022-08-25 09:20:24,461 INFO not improved for    11 iterations
2022-08-25 09:20:26,638 INFO [3,    30] tr_recon_loss : 0.019 | val_recon_loss : 0.018 | tr_total_loss : 0.031 | val_total_loss : 0.033 | tr_stimu_loss : 0.060 | val_stimu_loss : 0.069
2022-08-25 09:20:26,638 INFO Saving to nvp_NN/demo_model_best_encoder.pth...
2022-08-25 09:20:26,643 INFO Saving to nvp_NN/demo_model_best_decoder.pth...
2022-08-25 09:20:28,938 INFO [3,    40] tr_recon_loss : 0.014 | val_recon_loss : 0.017 | tr_total_loss : 0.026 | val_total_loss : 0.032 | tr_stimu_loss : 0.053 | val_stimu_loss : 0.066
2022-08-25 09:20:28,938 INFO Saving to nvp_NN/demo_model_best_encoder.pth...
2022-08-25 09:20:28,942 INFO Saving to nvp_NN/demo_model_best_decoder.pth...
2022-08-25 09:20:31,075 INFO [3,    50] tr_recon_loss : 0.012 | val_recon_loss : 0.014 | tr_total_loss : 0.025 | val_total_loss : 0.028 | tr_stimu_loss : 0.054 | val_stimu_loss : 0.063
2022-08-25 09:20:31,075 INFO Saving to nvp_NN/demo_model_best_encoder.pth...
2022-08-25 09:20:31,080 INFO Saving to nvp_NN/demo_model_best_decoder.pth...
2022-08-25 09:20:33,220 INFO [3,    60] tr_recon_loss : 0.012 | val_recon_loss : 0.013 | tr_total_loss : 0.025 | val_total_loss : 0.028 | tr_stimu_loss : 0.055 | val_stimu_loss : 0.061
2022-08-25 09:20:33,220 INFO Saving to nvp_NN/demo_model_best_encoder.pth...
2022-08-25 09:20:33,224 INFO Saving to nvp_NN/demo_model_best_decoder.pth...
2022-08-25 09:20:33,606 INFO Epoch 5
2022-08-25 09:20:35,661 INFO [4,    10] tr_recon_loss : 0.012 | val_recon_loss : 0.013 | tr_total_loss : 0.024 | val_total_loss : 0.027 | tr_stimu_loss : 0.051 | val_stimu_loss : 0.061
2022-08-25 09:20:35,661 INFO Saving to nvp_NN/demo_model_best_encoder.pth...
2022-08-25 09:20:35,666 INFO Saving to nvp_NN/demo_model_best_decoder.pth...
2022-08-25 09:20:37,866 INFO [4,    20] tr_recon_loss : 0.011 | val_recon_loss : 0.015 | tr_total_loss : 0.024 | val_total_loss : 0.027 | tr_stimu_loss : 0.054 | val_stimu_loss : 0.057
2022-08-25 09:20:37,866 INFO not improved for     1 iterations
2022-08-25 09:20:40,071 INFO [4,    30] tr_recon_loss : 0.011 | val_recon_loss : 0.013 | tr_total_loss : 0.023 | val_total_loss : 0.026 | tr_stimu_loss : 0.049 | val_stimu_loss : 0.055
2022-08-25 09:20:40,071 INFO Saving to nvp_NN/demo_model_best_encoder.pth...
2022-08-25 09:20:40,075 INFO Saving to nvp_NN/demo_model_best_decoder.pth...
2022-08-25 09:20:42,331 INFO [4,    40] tr_recon_loss : 0.012 | val_recon_loss : 0.012 | tr_total_loss : 0.022 | val_total_loss : 0.025 | tr_stimu_loss : 0.046 | val_stimu_loss : 0.055
2022-08-25 09:20:42,331 INFO Saving to nvp_NN/demo_model_best_encoder.pth...
2022-08-25 09:20:42,335 INFO Saving to nvp_NN/demo_model_best_decoder.pth...
2022-08-25 09:20:44,631 INFO [4,    50] tr_recon_loss : 0.012 | val_recon_loss : 0.016 | tr_total_loss : 0.023 | val_total_loss : 0.027 | tr_stimu_loss : 0.048 | val_stimu_loss : 0.051
2022-08-25 09:20:44,631 INFO not improved for     1 iterations
2022-08-25 09:20:46,912 INFO [4,    60] tr_recon_loss : 0.012 | val_recon_loss : 0.011 | tr_total_loss : 0.023 | val_total_loss : 0.024 | tr_stimu_loss : 0.048 | val_stimu_loss : 0.055
2022-08-25 09:20:46,912 INFO Saving to nvp_NN/demo_model_best_encoder.pth...
2022-08-25 09:20:46,916 INFO Saving to nvp_NN/demo_model_best_decoder.pth...
2022-08-25 09:20:47,248 INFO Epoch 6
2022-08-25 09:20:49,487 INFO [5,    10] tr_recon_loss : 0.010 | val_recon_loss : 0.012 | tr_total_loss : 0.021 | val_total_loss : 0.025 | tr_stimu_loss : 0.047 | val_stimu_loss : 0.054
2022-08-25 09:20:49,488 INFO not improved for     1 iterations
2022-08-25 09:20:51,531 INFO [5,    20] tr_recon_loss : 0.011 | val_recon_loss : 0.011 | tr_total_loss : 0.023 | val_total_loss : 0.025 | tr_stimu_loss : 0.049 | val_stimu_loss : 0.058
2022-08-25 09:20:51,531 INFO not improved for     2 iterations
2022-08-25 09:20:53,654 INFO [5,    30] tr_recon_loss : 0.010 | val_recon_loss : 0.011 | tr_total_loss : 0.023 | val_total_loss : 0.025 | tr_stimu_loss : 0.052 | val_stimu_loss : 0.058
2022-08-25 09:20:53,654 INFO not improved for     3 iterations
2022-08-25 09:20:55,821 INFO [5,    40] tr_recon_loss : 0.011 | val_recon_loss : 0.010 | tr_total_loss : 0.023 | val_total_loss : 0.025 | tr_stimu_loss : 0.051 | val_stimu_loss : 0.061
2022-08-25 09:20:55,821 INFO not improved for     4 iterations
2022-08-25 09:20:58,070 INFO [5,    50] tr_recon_loss : 0.010 | val_recon_loss : 0.014 | tr_total_loss : 0.023 | val_total_loss : 0.029 | tr_stimu_loss : 0.054 | val_stimu_loss : 0.063
2022-08-25 09:20:58,070 INFO not improved for     5 iterations
2022-08-25 09:21:00,222 INFO [5,    60] tr_recon_loss : 0.011 | val_recon_loss : 0.012 | tr_total_loss : 0.025 | val_total_loss : 0.029 | tr_stimu_loss : 0.059 | val_stimu_loss : 0.067
2022-08-25 09:21:00,222 INFO not improved for     6 iterations
2022-08-25 09:21:00,566 INFO Epoch 7
2022-08-25 09:21:02,861 INFO [6,    10] tr_recon_loss : 0.010 | val_recon_loss : 0.017 | tr_total_loss : 0.026 | val_total_loss : 0.033 | tr_stimu_loss : 0.063 | val_stimu_loss : 0.069
2022-08-25 09:21:02,861 INFO not improved for     7 iterations
2022-08-25 09:21:04,975 INFO [6,    20] tr_recon_loss : 0.012 | val_recon_loss : 0.013 | tr_total_loss : 0.027 | val_total_loss : 0.029 | tr_stimu_loss : 0.063 | val_stimu_loss : 0.067
2022-08-25 09:21:04,976 INFO not improved for     8 iterations
2022-08-25 09:21:07,085 INFO [6,    30] tr_recon_loss : 0.011 | val_recon_loss : 0.014 | tr_total_loss : 0.025 | val_total_loss : 0.030 | tr_stimu_loss : 0.058 | val_stimu_loss : 0.069
2022-08-25 09:21:07,085 INFO not improved for     9 iterations
2022-08-25 09:21:09,217 INFO [6,    40] tr_recon_loss : 0.011 | val_recon_loss : 0.011 | tr_total_loss : 0.027 | val_total_loss : 0.029 | tr_stimu_loss : 0.065 | val_stimu_loss : 0.071
2022-08-25 09:21:09,217 INFO not improved for    10 iterations
2022-08-25 09:21:11,302 INFO [6,    50] tr_recon_loss : 0.011 | val_recon_loss : 0.011 | tr_total_loss : 0.026 | val_total_loss : 0.030 | tr_stimu_loss : 0.063 | val_stimu_loss : 0.073
2022-08-25 09:21:11,302 INFO not improved for    11 iterations
2022-08-25 09:21:13,454 INFO [6,    60] tr_recon_loss : 0.011 | val_recon_loss : 0.011 | tr_total_loss : 0.028 | val_total_loss : 0.029 | tr_stimu_loss : 0.067 | val_stimu_loss : 0.070
2022-08-25 09:21:13,454 INFO not improved for    12 iterations
2022-08-25 09:21:13,824 INFO Epoch 8
2022-08-25 09:21:15,943 INFO [7,    10] tr_recon_loss : 0.010 | val_recon_loss : 0.012 | tr_total_loss : 0.026 | val_total_loss : 0.029 | tr_stimu_loss : 0.062 | val_stimu_loss : 0.071
2022-08-25 09:21:15,943 INFO not improved for    13 iterations
2022-08-25 09:21:18,059 INFO [7,    20] tr_recon_loss : 0.011 | val_recon_loss : 0.017 | tr_total_loss : 0.027 | val_total_loss : 0.034 | tr_stimu_loss : 0.065 | val_stimu_loss : 0.073
2022-08-25 09:21:18,059 INFO not improved for    14 iterations
2022-08-25 09:21:20,141 INFO [7,    30] tr_recon_loss : 0.011 | val_recon_loss : 0.011 | tr_total_loss : 0.028 | val_total_loss : 0.030 | tr_stimu_loss : 0.068 | val_stimu_loss : 0.075
2022-08-25 09:21:20,142 INFO not improved for    15 iterations
2022-08-25 09:21:22,322 INFO [7,    40] tr_recon_loss : 0.010 | val_recon_loss : 0.011 | tr_total_loss : 0.027 | val_total_loss : 0.031 | tr_stimu_loss : 0.067 | val_stimu_loss : 0.075
2022-08-25 09:21:22,322 INFO not improved for    16 iterations
2022-08-25 09:21:24,641 INFO [7,    50] tr_recon_loss : 0.011 | val_recon_loss : 0.011 | tr_total_loss : 0.029 | val_total_loss : 0.029 | tr_stimu_loss : 0.070 | val_stimu_loss : 0.071
2022-08-25 09:21:24,641 INFO not improved for    17 iterations
2022-08-25 09:21:26,777 INFO [7,    60] tr_recon_loss : 0.010 | val_recon_loss : 0.020 | tr_total_loss : 0.026 | val_total_loss : 0.036 | tr_stimu_loss : 0.065 | val_stimu_loss : 0.071
2022-08-25 09:21:26,777 INFO not improved for    18 iterations
2022-08-25 09:21:27,082 INFO Epoch 9
2022-08-25 09:21:29,257 INFO [8,    10] tr_recon_loss : 0.010 | val_recon_loss : 0.013 | tr_total_loss : 0.027 | val_total_loss : 0.032 | tr_stimu_loss : 0.066 | val_stimu_loss : 0.076
2022-08-25 09:21:29,257 INFO not improved for    19 iterations
2022-08-25 09:21:31,432 INFO [8,    20] tr_recon_loss : 0.010 | val_recon_loss : 0.011 | tr_total_loss : 0.027 | val_total_loss : 0.031 | tr_stimu_loss : 0.068 | val_stimu_loss : 0.077
2022-08-25 09:21:31,433 INFO not improved for    20 iterations
2022-08-25 09:21:33,505 INFO [8,    30] tr_recon_loss : 0.010 | val_recon_loss : 0.014 | tr_total_loss : 0.028 | val_total_loss : 0.033 | tr_stimu_loss : 0.072 | val_stimu_loss : 0.078
2022-08-25 09:21:33,505 INFO not improved for    21 iterations
2022-08-25 09:21:35,761 INFO [8,    40] tr_recon_loss : 0.011 | val_recon_loss : 0.010 | tr_total_loss : 0.030 | val_total_loss : 0.030 | tr_stimu_loss : 0.072 | val_stimu_loss : 0.077
2022-08-25 09:21:35,762 INFO not improved for    22 iterations
2022-08-25 09:21:37,873 INFO [8,    50] tr_recon_loss : 0.012 | val_recon_loss : 0.018 | tr_total_loss : 0.030 | val_total_loss : 0.035 | tr_stimu_loss : 0.072 | val_stimu_loss : 0.075
2022-08-25 09:21:37,873 INFO not improved for    23 iterations
2022-08-25 09:21:39,984 INFO [8,    60] tr_recon_loss : 0.010 | val_recon_loss : 0.013 | tr_total_loss : 0.028 | val_total_loss : 0.030 | tr_stimu_loss : 0.069 | val_stimu_loss : 0.072
2022-08-25 09:21:39,985 INFO not improved for    24 iterations
2022-08-25 09:21:40,330 INFO Epoch 10
2022-08-25 09:21:42,486 INFO [9,    10] tr_recon_loss : 0.010 | val_recon_loss : 0.011 | tr_total_loss : 0.028 | val_total_loss : 0.030 | tr_stimu_loss : 0.069 | val_stimu_loss : 0.073
2022-08-25 09:21:42,486 INFO not improved for    25 iterations
2022-08-25 09:21:44,522 INFO [9,    20] tr_recon_loss : 0.011 | val_recon_loss : 0.015 | tr_total_loss : 0.028 | val_total_loss : 0.033 | tr_stimu_loss : 0.070 | val_stimu_loss : 0.076
2022-08-25 09:21:44,522 INFO not improved for    26 iterations
2022-08-25 09:21:46,658 INFO [9,    30] tr_recon_loss : 0.012 | val_recon_loss : 0.011 | tr_total_loss : 0.030 | val_total_loss : 0.029 | tr_stimu_loss : 0.072 | val_stimu_loss : 0.072
2022-08-25 09:21:46,658 INFO not improved for    27 iterations
2022-08-25 09:21:48,888 INFO [9,    40] tr_recon_loss : 0.011 | val_recon_loss : 0.011 | tr_total_loss : 0.026 | val_total_loss : 0.030 | tr_stimu_loss : 0.063 | val_stimu_loss : 0.073
2022-08-25 09:21:48,888 INFO not improved for    28 iterations
2022-08-25 09:21:51,049 INFO [9,    50] tr_recon_loss : 0.010 | val_recon_loss : 0.015 | tr_total_loss : 0.026 | val_total_loss : 0.032 | tr_stimu_loss : 0.065 | val_stimu_loss : 0.071
2022-08-25 09:21:51,049 INFO not improved for    29 iterations
2022-08-25 09:21:53,226 INFO [9,    60] tr_recon_loss : 0.010 | val_recon_loss : 0.014 | tr_total_loss : 0.028 | val_total_loss : 0.034 | tr_stimu_loss : 0.071 | val_stimu_loss : 0.081
2022-08-25 09:21:53,226 INFO not improved for    30 iterations
2022-08-25 09:21:53,594 INFO Epoch 11
2022-08-25 09:21:55,593 INFO [10,    10] tr_recon_loss : 0.012 | val_recon_loss : 0.013 | tr_total_loss : 0.029 | val_total_loss : 0.030 | tr_stimu_loss : 0.069 | val_stimu_loss : 0.069
2022-08-25 09:21:55,594 INFO not improved for    31 iterations
2022-08-25 09:21:57,757 INFO [10,    20] tr_recon_loss : 0.010 | val_recon_loss : 0.013 | tr_total_loss : 0.026 | val_total_loss : 0.031 | tr_stimu_loss : 0.063 | val_stimu_loss : 0.072
2022-08-25 09:21:57,757 INFO not improved for    32 iterations
2022-08-25 09:21:59,951 INFO [10,    30] tr_recon_loss : 0.011 | val_recon_loss : 0.014 | tr_total_loss : 0.027 | val_total_loss : 0.031 | tr_stimu_loss : 0.064 | val_stimu_loss : 0.071
2022-08-25 09:21:59,951 INFO not improved for    33 iterations
2022-08-25 09:22:02,190 INFO [10,    40] tr_recon_loss : 0.011 | val_recon_loss : 0.011 | tr_total_loss : 0.027 | val_total_loss : 0.029 | tr_stimu_loss : 0.065 | val_stimu_loss : 0.070
2022-08-25 09:22:02,190 INFO not improved for    34 iterations
2022-08-25 09:22:04,379 INFO [10,    50] tr_recon_loss : 0.010 | val_recon_loss : 0.011 | tr_total_loss : 0.027 | val_total_loss : 0.030 | tr_stimu_loss : 0.064 | val_stimu_loss : 0.075
2022-08-25 09:22:04,380 INFO not improved for    35 iterations
2022-08-25 09:22:06,509 INFO [10,    60] tr_recon_loss : 0.010 | val_recon_loss : 0.011 | tr_total_loss : 0.028 | val_total_loss : 0.032 | tr_stimu_loss : 0.068 | val_stimu_loss : 0.081
2022-08-25 09:22:06,510 INFO not improved for    36 iterations
2022-08-25 09:22:06,816 INFO Epoch 12
2022-08-25 09:22:08,974 INFO [11,    10] tr_recon_loss : 0.010 | val_recon_loss : 0.011 | tr_total_loss : 0.028 | val_total_loss : 0.030 | tr_stimu_loss : 0.069 | val_stimu_loss : 0.074
2022-08-25 09:22:08,974 INFO not improved for    37 iterations
2022-08-25 09:22:11,044 INFO [11,    20] tr_recon_loss : 0.010 | val_recon_loss : 0.011 | tr_total_loss : 0.028 | val_total_loss : 0.031 | tr_stimu_loss : 0.071 | val_stimu_loss : 0.076
2022-08-25 09:22:11,044 INFO not improved for    38 iterations
2022-08-25 09:22:13,231 INFO [11,    30] tr_recon_loss : 0.010 | val_recon_loss : 0.011 | tr_total_loss : 0.029 | val_total_loss : 0.030 | tr_stimu_loss : 0.071 | val_stimu_loss : 0.075
2022-08-25 09:22:13,232 INFO not improved for    39 iterations
2022-08-25 09:22:15,457 INFO [11,    40] tr_recon_loss : 0.010 | val_recon_loss : 0.012 | tr_total_loss : 0.028 | val_total_loss : 0.033 | tr_stimu_loss : 0.070 | val_stimu_loss : 0.082
2022-08-25 09:22:15,457 INFO not improved for    40 iterations
2022-08-25 09:22:17,539 INFO [11,    50] tr_recon_loss : 0.011 | val_recon_loss : 0.011 | tr_total_loss : 0.030 | val_total_loss : 0.033 | tr_stimu_loss : 0.074 | val_stimu_loss : 0.083
2022-08-25 09:22:17,540 INFO not improved for    41 iterations
2022-08-25 09:22:19,735 INFO [11,    60] tr_recon_loss : 0.010 | val_recon_loss : 0.013 | tr_total_loss : 0.029 | val_total_loss : 0.033 | tr_stimu_loss : 0.074 | val_stimu_loss : 0.081
2022-08-25 09:22:19,736 INFO not improved for    42 iterations
2022-08-25 09:22:20,088 INFO Epoch 13
2022-08-25 09:22:22,208 INFO [12,    10] tr_recon_loss : 0.010 | val_recon_loss : 0.011 | tr_total_loss : 0.030 | val_total_loss : 0.034 | tr_stimu_loss : 0.075 | val_stimu_loss : 0.087
2022-08-25 09:22:22,209 INFO not improved for    43 iterations
2022-08-25 09:22:24,376 INFO [12,    20] tr_recon_loss : 0.010 | val_recon_loss : 0.011 | tr_total_loss : 0.029 | val_total_loss : 0.032 | tr_stimu_loss : 0.075 | val_stimu_loss : 0.082
2022-08-25 09:22:24,376 INFO not improved for    44 iterations
2022-08-25 09:22:26,529 INFO [12,    30] tr_recon_loss : 0.010 | val_recon_loss : 0.016 | tr_total_loss : 0.029 | val_total_loss : 0.037 | tr_stimu_loss : 0.074 | val_stimu_loss : 0.086
2022-08-25 09:22:26,529 INFO not improved for    45 iterations
2022-08-25 09:22:28,709 INFO [12,    40] tr_recon_loss : 0.011 | val_recon_loss : 0.013 | tr_total_loss : 0.031 | val_total_loss : 0.033 | tr_stimu_loss : 0.078 | val_stimu_loss : 0.080
2022-08-25 09:22:28,710 INFO not improved for    46 iterations
2022-08-25 09:22:30,915 INFO [12,    50] tr_recon_loss : 0.010 | val_recon_loss : 0.013 | tr_total_loss : 0.029 | val_total_loss : 0.034 | tr_stimu_loss : 0.073 | val_stimu_loss : 0.081
2022-08-25 09:22:30,916 INFO not improved for    47 iterations
2022-08-25 09:22:32,956 INFO [12,    60] tr_recon_loss : 0.011 | val_recon_loss : 0.015 | tr_total_loss : 0.031 | val_total_loss : 0.037 | tr_stimu_loss : 0.078 | val_stimu_loss : 0.087
2022-08-25 09:22:32,956 INFO not improved for    48 iterations
2022-08-25 09:22:33,315 INFO Epoch 14
2022-08-25 09:22:35,421 INFO [13,    10] tr_recon_loss : 0.012 | val_recon_loss : 0.015 | tr_total_loss : 0.033 | val_total_loss : 0.036 | tr_stimu_loss : 0.080 | val_stimu_loss : 0.085
2022-08-25 09:22:35,421 INFO not improved for    49 iterations
2022-08-25 09:22:37,634 INFO [13,    20] tr_recon_loss : 0.013 | val_recon_loss : 0.014 | tr_total_loss : 0.031 | val_total_loss : 0.033 | tr_stimu_loss : 0.073 | val_stimu_loss : 0.076
2022-08-25 09:22:37,634 INFO not improved for    50 iterations
2022-08-25 09:22:39,771 INFO [13,    30] tr_recon_loss : 0.009 | val_recon_loss : 0.016 | tr_total_loss : 0.026 | val_total_loss : 0.033 | tr_stimu_loss : 0.063 | val_stimu_loss : 0.075
2022-08-25 09:22:39,771 INFO not improved for    51 iterations
2022-08-25 09:22:39,771 INFO Finished Training
